[05-10-2015 08:50:13] PayPal\Core\PayPalHttpConnection: INFO	: POST https://api.sandbox.paypal.com/v1/oauth2/token
[05-10-2015 08:50:16] PayPal\Core\PayPalHttpConnection: INFO	: Invalid or no certificate authority found - Retrying using bundled CA certs file
[05-10-2015 08:50:19] PayPal\Core\PayPalHttpConnection: DEBUG	: Request Headers 	: POST /v1/oauth2/token HTTP/1.1, Host: api.sandbox.paypal.com, User-Agent: PayPalSDK/PayPal-PHP-SDK 1.5.0 (lang=PHP;v=5.6.8;bit=32;os=Linux_3.13.0-63-generic;machine=x86_64;openssl=1.0.1m;curl=7.30.0), Authorization: Basic QVpTVVJpYkdwcmhOMWh4MWh4TU9KX0FuQ2xjNWR5N2VhbUplV2RqY2xselk2dFFlN0swb1JJaWtLS3M5bnR6aF9uX2xyRXBoTDBjNzJoOEc6RUVoMFpjZ1lINThMd29qa0FqemJqdVl5RUY2T1FXOHVCckp5V3I4Q0lodFVNeHdVRko5U3hPQmlnTWJwelBCc243Q1NCZTRaclhESkY4Mnk=, Accept: */*, Content-Length: 29, Content-Type: application/x-www-form-urlencoded, , 
[05-10-2015 08:50:19] PayPal\Core\PayPalHttpConnection: DEBUG	: Request Data		: grant_type=client_credentials
--------------------------------------------------------------------------------------------------------------------------------

[05-10-2015 08:50:19] PayPal\Core\PayPalHttpConnection: INFO	: Response Status 	: 401
[05-10-2015 08:50:19] PayPal\Core\PayPalHttpConnection: DEBUG	: Response Headers	: HTTP/1.1 401 Unauthorized, Date: Mon, 05 Oct 2015 06:50:18 GMT, Server: Apache, PROXY_SERVER_INFO: host=slcsbplatformapiserv3002.slc.paypal.com;threadId=141969, Paypal-Debug-Id: 1f4f22f7a1521, CORRELATION-ID: 1f4f22f7a1521, Content-Length: 83, Paypal-Debug-Id: 1f4f22f7a1521, Vary: Authorization, Content-Type: application/json, Set-Cookie: X-PP-SILOVER=name%3DSANDBOX3.API.1%26silo_version%3D880%26app%3Dplatformapiserv%26TIME%3D2854031958; domain=.paypal.com; path=/; Secure; HttpOnly, Set-Cookie: X-PP-SILOVER=; Expires=Thu, 01 Jan 1970 00:00:01 GMT, Connection: close, , 
[05-10-2015 08:50:19] PayPal\Core\PayPalHttpConnection: ERROR	: Got Http response code 401 when accessing https://api.sandbox.paypal.com/v1/oauth2/token. {"error":"invalid_client","error_description":"The client credentials are invalid"}
[05-10-2015 08:50:19] PayPal\Core\PayPalHttpConnection: DEBUG	: 

================================================================================================================================

[05-10-2015 08:51:44] PayPal\Core\PayPalHttpConnection: INFO	: POST https://api.sandbox.paypal.com/v1/oauth2/token
[05-10-2015 08:51:50] PayPal\Core\PayPalHttpConnection: INFO	: Invalid or no certificate authority found - Retrying using bundled CA certs file
[05-10-2015 08:51:54] PayPal\Core\PayPalHttpConnection: DEBUG	: Request Headers 	: POST /v1/oauth2/token HTTP/1.1, Host: api.sandbox.paypal.com, User-Agent: PayPalSDK/PayPal-PHP-SDK 1.5.0 (lang=PHP;v=5.6.8;bit=32;os=Linux_3.13.0-63-generic;machine=x86_64;openssl=1.0.1m;curl=7.30.0), Authorization: Basic QVpTVVJpYkdwcmhOMWh4MWh4TU9KX0FuQ2xjNWR5N2VhbUplV2RqY2xselk2dFFlN0swb1JJaWtLS3M5bnR6aF9uX2xyRXBoTDBjNzJoOEc6RUVoMFpjZ1lINThMd29qa0FqemJqdVl5RUY2T1FXOHVCckp5V3I4Q0lodFVNeHdVRko5U3hPQmlnTWJwelBCc243Q1NCZTRaclhESkY4Mnk=, Accept: */*, Content-Length: 29, Content-Type: application/x-www-form-urlencoded, , 
[05-10-2015 08:51:54] PayPal\Core\PayPalHttpConnection: DEBUG	: Request Data		: grant_type=client_credentials
--------------------------------------------------------------------------------------------------------------------------------

[05-10-2015 08:51:54] PayPal\Core\PayPalHttpConnection: INFO	: Response Status 	: 401
[05-10-2015 08:51:54] PayPal\Core\PayPalHttpConnection: DEBUG	: Response Headers	: HTTP/1.1 401 Unauthorized, Date: Mon, 05 Oct 2015 06:51:53 GMT, Server: Apache, PROXY_SERVER_INFO: host=slcsbplatformapiserv3002.slc.paypal.com;threadId=1878, Paypal-Debug-Id: 950f905dee01, CORRELATION-ID: 950f905dee01, Content-Length: 83, Paypal-Debug-Id: 950f905dee01, Vary: Authorization, Content-Type: application/json, Set-Cookie: X-PP-SILOVER=name%3DSANDBOX3.API.1%26silo_version%3D880%26app%3Dplatformapiserv%26TIME%3D152965718; domain=.paypal.com; path=/; Secure; HttpOnly, Set-Cookie: X-PP-SILOVER=; Expires=Thu, 01 Jan 1970 00:00:01 GMT, Connection: close, , 
[05-10-2015 08:51:54] PayPal\Core\PayPalHttpConnection: ERROR	: Got Http response code 401 when accessing https://api.sandbox.paypal.com/v1/oauth2/token. {"error":"invalid_client","error_description":"The client credentials are invalid"}
[05-10-2015 08:51:54] PayPal\Core\PayPalHttpConnection: DEBUG	: 

================================================================================================================================

[05-10-2015 08:53:08] PayPal\Core\PayPalHttpConnection: INFO	: POST https://api.sandbox.paypal.com/v1/oauth2/token
[05-10-2015 08:53:15] PayPal\Core\PayPalHttpConnection: INFO	: Invalid or no certificate authority found - Retrying using bundled CA certs file
[05-10-2015 08:53:18] PayPal\Core\PayPalHttpConnection: DEBUG	: Request Headers 	: POST /v1/oauth2/token HTTP/1.1, Host: api.sandbox.paypal.com, User-Agent: PayPalSDK/PayPal-PHP-SDK 1.5.0 (lang=PHP;v=5.6.8;bit=32;os=Linux_3.13.0-63-generic;machine=x86_64;openssl=1.0.1m;curl=7.30.0), Authorization: Basic QVpTVVJpYkdwcmhOMWh4MWh4TU9KX0FuQ2xjNWR5N2VhbUplV2RqY2xselk2dFFlN0swb1JJaWtLS3M5bnR6aF9uX2xyRXBoTDBjNzJoOEc6RUVoMFpjZ1lINThMd29qa0FqemJqdVl5RUY2T1FXOHVCckp5V3I4Q0lodFVNeHdVRko5U3hPQmlnTWJwelBCc243Q1NCZTRaclhESkY4Mnk=, Accept: */*, Content-Length: 29, Content-Type: application/x-www-form-urlencoded, , 
[05-10-2015 08:53:18] PayPal\Core\PayPalHttpConnection: DEBUG	: Request Data		: grant_type=client_credentials
--------------------------------------------------------------------------------------------------------------------------------

[05-10-2015 08:53:18] PayPal\Core\PayPalHttpConnection: INFO	: Response Status 	: 401
[05-10-2015 08:53:18] PayPal\Core\PayPalHttpConnection: DEBUG	: Response Headers	: HTTP/1.1 401 Unauthorized, Date: Mon, 05 Oct 2015 06:53:17 GMT, Server: Apache, PROXY_SERVER_INFO: host=slcsbplatformapiserv3001.slc.paypal.com;threadId=73495, Paypal-Debug-Id: bda6e7418b062, CORRELATION-ID: bda6e7418b062, Content-Length: 83, Paypal-Debug-Id: bda6e7418b062, Vary: Authorization, Content-Type: application/json, Set-Cookie: X-PP-SILOVER=name%3DSANDBOX3.API.1%26silo_version%3D880%26app%3Dplatformapiserv%26TIME%3D1562251862; domain=.paypal.com; path=/; Secure; HttpOnly, Set-Cookie: X-PP-SILOVER=; Expires=Thu, 01 Jan 1970 00:00:01 GMT, Connection: close, , 
[05-10-2015 08:53:18] PayPal\Core\PayPalHttpConnection: ERROR	: Got Http response code 401 when accessing https://api.sandbox.paypal.com/v1/oauth2/token. {"error":"invalid_client","error_description":"The client credentials are invalid"}
[05-10-2015 08:53:18] PayPal\Core\PayPalHttpConnection: DEBUG	: 

================================================================================================================================

[05-10-2015 08:53:26] PayPal\Core\PayPalHttpConnection: INFO	: POST https://api.sandbox.paypal.com/v1/oauth2/token
[05-10-2015 08:53:27] PayPal\Core\PayPalHttpConnection: INFO	: Invalid or no certificate authority found - Retrying using bundled CA certs file
[05-10-2015 08:53:32] PayPal\Core\PayPalHttpConnection: DEBUG	: Request Headers 	: POST /v1/oauth2/token HTTP/1.1, Host: api.sandbox.paypal.com, User-Agent: PayPalSDK/PayPal-PHP-SDK 1.5.0 (lang=PHP;v=5.6.8;bit=32;os=Linux_3.13.0-63-generic;machine=x86_64;openssl=1.0.1m;curl=7.30.0), Authorization: Basic QVpTVVJpYkdwcmhOMWh4MWh4TU9KX0FuQ2xjNWR5N2VhbUplV2RqY2xselk2dFFlN0swb1JJaWtLS3M5bnR6aF9uX2xyRXBoTDBjNzJoOEc6RUVoMFpjZ1lINThMd29qa0FqemJqdVl5RUY2T1FXOHVCckp5V3I4Q0lodFVNeHdVRko5U3hPQmlnTWJwelBCc243Q1NCZTRaclhESkY4Mnk=, Accept: */*, Content-Length: 29, Content-Type: application/x-www-form-urlencoded, , 
[05-10-2015 08:53:32] PayPal\Core\PayPalHttpConnection: DEBUG	: Request Data		: grant_type=client_credentials
--------------------------------------------------------------------------------------------------------------------------------

[05-10-2015 08:53:32] PayPal\Core\PayPalHttpConnection: INFO	: Response Status 	: 401
[05-10-2015 08:53:32] PayPal\Core\PayPalHttpConnection: DEBUG	: Response Headers	: HTTP/1.1 401 Unauthorized, Date: Mon, 05 Oct 2015 06:53:31 GMT, Server: Apache, PROXY_SERVER_INFO: host=slcsbplatformapiserv3002.slc.paypal.com;threadId=57772, Paypal-Debug-Id: 1798bf6e4dde6, CORRELATION-ID: 1798bf6e4dde6, Content-Length: 83, Paypal-Debug-Id: 1798bf6e4dde6, Vary: Authorization, Content-Type: application/json, Set-Cookie: X-PP-SILOVER=name%3DSANDBOX3.API.1%26silo_version%3D880%26app%3Dplatformapiserv%26TIME%3D1797132886; domain=.paypal.com; path=/; Secure; HttpOnly, Set-Cookie: X-PP-SILOVER=; Expires=Thu, 01 Jan 1970 00:00:01 GMT, Connection: close, , 
[05-10-2015 08:53:32] PayPal\Core\PayPalHttpConnection: ERROR	: Got Http response code 401 when accessing https://api.sandbox.paypal.com/v1/oauth2/token. {"error":"invalid_client","error_description":"The client credentials are invalid"}
[05-10-2015 08:53:32] PayPal\Core\PayPalHttpConnection: DEBUG	: 

================================================================================================================================

[05-10-2015 09:01:53] PayPal\Core\PayPalHttpConnection: INFO	: POST https://api.sandbox.paypal.com/v1/oauth2/token
[05-10-2015 09:01:55] PayPal\Core\PayPalHttpConnection: INFO	: Invalid or no certificate authority found - Retrying using bundled CA certs file
[05-10-2015 09:01:57] PayPal\Core\PayPalHttpConnection: DEBUG	: Request Headers 	: POST /v1/oauth2/token HTTP/1.1, Host: api.sandbox.paypal.com, User-Agent: PayPalSDK/PayPal-PHP-SDK 1.5.0 (lang=PHP;v=5.6.8;bit=32;os=Linux_3.13.0-63-generic;machine=x86_64;openssl=1.0.1m;curl=7.30.0), Authorization: Basic QVpTVVJpYkdwcmhOMWh4MWh4TU9KX0FuQ2xjNWR5N2VhbUplV2RqY2xselk2dFFlN0swb1JJaWtLS3M5bnR6aF9uX2xyRXBoTDBjNzJoOEc6RUVoMFpjZ1lINThMd29qa0FqemJqdVl5RUY2T1FXOHVCckp5V3I4Q0lodFVNeHdVRko5U3hPQmlnTWJwelBCc243Q1NCZTRaclhESkY4Mnk=, Accept: */*, Content-Length: 29, Content-Type: application/x-www-form-urlencoded, , 
[05-10-2015 09:01:57] PayPal\Core\PayPalHttpConnection: DEBUG	: Request Data		: grant_type=client_credentials
--------------------------------------------------------------------------------------------------------------------------------

[05-10-2015 09:01:57] PayPal\Core\PayPalHttpConnection: INFO	: Response Status 	: 401
[05-10-2015 09:01:57] PayPal\Core\PayPalHttpConnection: DEBUG	: Response Headers	: HTTP/1.1 401 Unauthorized, Date: Mon, 05 Oct 2015 07:01:56 GMT, Server: Apache, PROXY_SERVER_INFO: host=slcsbplatformapiserv3002.slc.paypal.com;threadId=71864, Paypal-Debug-Id: ab6c1dc2dd1ce, CORRELATION-ID: ab6c1dc2dd1ce, Content-Length: 83, Paypal-Debug-Id: ab6c1dc2dd1ce, Vary: Authorization, Content-Type: application/json, Set-Cookie: X-PP-SILOVER=name%3DSANDBOX3.API.1%26silo_version%3D880%26app%3Dplatformapiserv%26TIME%3D1679823446; domain=.paypal.com; path=/; Secure; HttpOnly, Set-Cookie: X-PP-SILOVER=; Expires=Thu, 01 Jan 1970 00:00:01 GMT, Connection: close, , 
[05-10-2015 09:01:57] PayPal\Core\PayPalHttpConnection: ERROR	: Got Http response code 401 when accessing https://api.sandbox.paypal.com/v1/oauth2/token. {"error":"invalid_client","error_description":"The client credentials are invalid"}
[05-10-2015 09:01:57] PayPal\Core\PayPalHttpConnection: DEBUG	: 

================================================================================================================================

[05-10-2015 09:03:58] PayPal\Core\PayPalHttpConnection: INFO	: POST https://api.sandbox.paypal.com/v1/oauth2/token
[05-10-2015 09:04:07] PayPal\Core\PayPalHttpConnection: INFO	: Invalid or no certificate authority found - Retrying using bundled CA certs file
[05-10-2015 09:04:11] PayPal\Core\PayPalHttpConnection: DEBUG	: Request Headers 	: POST /v1/oauth2/token HTTP/1.1, Host: api.sandbox.paypal.com, User-Agent: PayPalSDK/PayPal-PHP-SDK 1.5.0 (lang=PHP;v=5.6.8;bit=32;os=Linux_3.13.0-63-generic;machine=x86_64;openssl=1.0.1m;curl=7.30.0), Authorization: Basic QVpTVVJpYkdwcmhOMWh4MWh4TU9KX0FuQ2xjNWR5N2VhbUplV2RqY2xselk2dFFlN0swb1JJaWtLS3M5bnR6aF9uX2xyRXBoTDBjNzJoOEc6RUVoMFpjZ1lINThMd29qa0FqemJqdVl5RUY2T1FXOHVCckp5V3I4Q0lodFVNeHdVRko5U3hPQmlnTWJwelBCc243Q1NCZTRaclhESkY4Mnk=, Accept: */*, Content-Length: 29, Content-Type: application/x-www-form-urlencoded, , 
[05-10-2015 09:04:11] PayPal\Core\PayPalHttpConnection: DEBUG	: Request Data		: grant_type=client_credentials
--------------------------------------------------------------------------------------------------------------------------------

[05-10-2015 09:04:11] PayPal\Core\PayPalHttpConnection: INFO	: Response Status 	: 401
[05-10-2015 09:04:11] PayPal\Core\PayPalHttpConnection: DEBUG	: Response Headers	: HTTP/1.1 401 Unauthorized, Date: Mon, 05 Oct 2015 07:04:10 GMT, Server: Apache, PROXY_SERVER_INFO: host=slcsbplatformapiserv3002.slc.paypal.com;threadId=5923, Paypal-Debug-Id: 578ee9f7846ab, CORRELATION-ID: 578ee9f7846ab, Content-Length: 83, Paypal-Debug-Id: 578ee9f7846ab, Vary: Authorization, Content-Type: application/json, Set-Cookie: X-PP-SILOVER=name%3DSANDBOX3.API.1%26silo_version%3D880%26app%3Dplatformapiserv%26TIME%3D3927970390; domain=.paypal.com; path=/; Secure; HttpOnly, Set-Cookie: X-PP-SILOVER=; Expires=Thu, 01 Jan 1970 00:00:01 GMT, Connection: close, , 
[05-10-2015 09:04:11] PayPal\Core\PayPalHttpConnection: ERROR	: Got Http response code 401 when accessing https://api.sandbox.paypal.com/v1/oauth2/token. {"error":"invalid_client","error_description":"The client credentials are invalid"}
[05-10-2015 09:04:11] PayPal\Core\PayPalHttpConnection: DEBUG	: 

================================================================================================================================

[05-10-2015 09:04:49] PayPal\Core\PayPalHttpConnection: INFO	: POST https://api.sandbox.paypal.com/v1/oauth2/token
[05-10-2015 09:04:50] PayPal\Core\PayPalHttpConnection: INFO	: Invalid or no certificate authority found - Retrying using bundled CA certs file
[05-10-2015 09:04:52] PayPal\Core\PayPalHttpConnection: DEBUG	: Request Headers 	: POST /v1/oauth2/token HTTP/1.1, Host: api.sandbox.paypal.com, User-Agent: PayPalSDK/PayPal-PHP-SDK 1.5.0 (lang=PHP;v=5.6.8;bit=32;os=Linux_3.13.0-63-generic;machine=x86_64;openssl=1.0.1m;curl=7.30.0), Authorization: Basic QVpTVVJpYkdwcmhOMWh4MWh4TU9KX0FuQ2xjNWR5N2VhbUplV2RqY2xselk2dFFlN0swb1JJaWtLS3M5bnR6aF9uX2xyRXBoTDBjNzJoOEc6RUVoMFpjZ1lINThMd29qa0FqemJqdVl5RUY2T1FXOHVCckp5V3I4Q0lodFVNeHdVRko5U3hPQmlnTWJwelBCc243Q1NCZTRaclhESkY4Mnk=, Accept: */*, Content-Length: 29, Content-Type: application/x-www-form-urlencoded, , 
[05-10-2015 09:04:52] PayPal\Core\PayPalHttpConnection: DEBUG	: Request Data		: grant_type=client_credentials
--------------------------------------------------------------------------------------------------------------------------------

[05-10-2015 09:04:52] PayPal\Core\PayPalHttpConnection: INFO	: Response Status 	: 401
[05-10-2015 09:04:52] PayPal\Core\PayPalHttpConnection: DEBUG	: Response Headers	: HTTP/1.1 401 Unauthorized, Date: Mon, 05 Oct 2015 07:04:52 GMT, Server: Apache, PROXY_SERVER_INFO: host=slcsbplatformapiserv3002.slc.paypal.com;threadId=71872, Paypal-Debug-Id: a9260edc36866, CORRELATION-ID: a9260edc36866, Content-Length: 83, Paypal-Debug-Id: a9260edc36866, Vary: Authorization, Content-Type: application/json, Set-Cookie: X-PP-SILOVER=name%3DSANDBOX3.API.1%26silo_version%3D880%26app%3Dplatformapiserv%26TIME%3D337711702; domain=.paypal.com; path=/; Secure; HttpOnly, Set-Cookie: X-PP-SILOVER=; Expires=Thu, 01 Jan 1970 00:00:01 GMT, Connection: close, , 
[05-10-2015 09:04:52] PayPal\Core\PayPalHttpConnection: ERROR	: Got Http response code 401 when accessing https://api.sandbox.paypal.com/v1/oauth2/token. {"error":"invalid_client","error_description":"The client credentials are invalid"}
[05-10-2015 09:04:52] PayPal\Core\PayPalHttpConnection: DEBUG	: 

================================================================================================================================

[05-10-2015 09:07:42] PayPal\Core\PayPalHttpConnection: INFO	: POST https://api.sandbox.paypal.com/v1/oauth2/token
[05-10-2015 09:07:48] PayPal\Core\PayPalHttpConnection: INFO	: Invalid or no certificate authority found - Retrying using bundled CA certs file
[05-10-2015 09:07:53] PayPal\Core\PayPalHttpConnection: DEBUG	: Request Headers 	: POST /v1/oauth2/token HTTP/1.1, Host: api.sandbox.paypal.com, User-Agent: PayPalSDK/PayPal-PHP-SDK 1.5.0 (lang=PHP;v=5.6.8;bit=32;os=Linux_3.13.0-63-generic;machine=x86_64;openssl=1.0.1m;curl=7.30.0), Authorization: Basic QVFUbXVYdjNiX0FDX0dCTXJ3N013NTNwV0RVbXBqYlFJNjhnOG5kc3J4cVhJRmE0T1JMUWZqLTVQYzBWdGtvMHRTQldVUHBGdWFHMDZtOEo6RU5LN2l0b09EMkZGYk9pa3ZmQ203MHNjQVJkUlZaa1NyaC1JZ2hIM1owMV9qUENsT2NGU2FSTVZVUnZzVXg3dmRFbGJOOHVZZ3U1SzVnVUc=, Accept: */*, Content-Length: 29, Content-Type: application/x-www-form-urlencoded, , 
[05-10-2015 09:07:53] PayPal\Core\PayPalHttpConnection: DEBUG	: Request Data		: grant_type=client_credentials
--------------------------------------------------------------------------------------------------------------------------------

[05-10-2015 09:07:53] PayPal\Core\PayPalHttpConnection: INFO	: Response Status 	: 200
[05-10-2015 09:07:53] PayPal\Core\PayPalHttpConnection: DEBUG	: Response Headers	: HTTP/1.1 200 OK, Date: Mon, 05 Oct 2015 07:07:50 GMT, Server: Apache, PROXY_SERVER_INFO: host=slcsbplatformapiserv3002.slc.paypal.com;threadId=6273, Paypal-Debug-Id: 3db78332ea49e, CORRELATION-ID: 3db78332ea49e, Content-Length: 426, Paypal-Debug-Id: 3db78332ea49e, Vary: Authorization, Content-Type: application/json, Set-Cookie: X-PP-SILOVER=name%3DSANDBOX3.API.1%26silo_version%3D880%26app%3Dplatformapiserv%26TIME%3D3324056150; domain=.paypal.com; path=/; Secure; HttpOnly, Set-Cookie: X-PP-SILOVER=; Expires=Thu, 01 Jan 1970 00:00:01 GMT, Connection: close, , 
[05-10-2015 09:07:53] PayPal\Core\PayPalHttpConnection: DEBUG	: Response Data 	: {"scope":"https://uri.paypal.com/services/subscriptions https://api.paypal.com/v1/payments/.* https://api.paypal.com/v1/vault/credit-card https://uri.paypal.com/services/applications/webhooks openid https://uri.paypal.com/payments/payouts https://api.paypal.com/v1/vault/credit-card/.*","access_token":"A015zIRXBE4VVdqcSwFaX-lyNVGF.0Y8Gbi1LzmoPCCuA4U","token_type":"Bearer","app_id":"APP-80W284485P519543T","expires_in":28800}

================================================================================================================================

[05-10-2015 09:07:53] PayPal\Core\PayPalHttpConnection: INFO	: POST https://api.sandbox.paypal.com/v1/payments/payment
[05-10-2015 09:07:54] PayPal\Core\PayPalHttpConnection: INFO	: Invalid or no certificate authority found - Retrying using bundled CA certs file
[05-10-2015 09:07:57] PayPal\Core\PayPalHttpConnection: DEBUG	: Request Headers 	: POST /v1/payments/payment HTTP/1.1, Host: api.sandbox.paypal.com, Accept: */*, Content-Type: application/json, User-Agent: PayPalSDK/PayPal-PHP-SDK 1.5.0 (lang=PHP;v=5.6.8;bit=32;os=Linux_3.13.0-63-generic;machine=x86_64;openssl=1.0.1m;curl=7.30.0), Authorization: Bearer A015zIRXBE4VVdqcSwFaX-lyNVGF.0Y8Gbi1LzmoPCCuA4U, PayPal-Request-Id: 21307064336380144402886226241, Content-Length: 548, , 
[05-10-2015 09:07:57] PayPal\Core\PayPalHttpConnection: DEBUG	: Request Data		: {"intent":"order","payer":{"payment_method":"paypal","payer_info":{"first_name":"Rohan"}},"redirect_urls":{"return_url":"http://localhost/aisha/vendor/ExecutePayment.php?success=true","cancel_url":"http://localhost/aisha/vendor/ExecutePayment.php?success=false"},"transactions":[{"amount":{"currency":"USD","total":"15","details":{"fee":"15"}},"item_list":{"items":[{"name":"Detailed Explanation","currency":"USD","quantity":1,"sku":"56121da508055","price":"15"}]},"description":"Ask An Astrologer","invoice_number":"Order Number: 56121da508055"}]}
--------------------------------------------------------------------------------------------------------------------------------

[05-10-2015 09:07:57] PayPal\Core\PayPalHttpConnection: INFO	: Response Status 	: 201
[05-10-2015 09:07:57] PayPal\Core\PayPalHttpConnection: DEBUG	: Response Headers	: HTTP/1.1 201 Created, Date: Mon, 05 Oct 2015 07:07:56 GMT, Server: Apache, PROXY_SERVER_INFO: host=slcsbplatformapiserv3002.slc.paypal.com;threadId=348, Paypal-Debug-Id: 69d67798298b8, CORRELATION-ID: 69d67798298b8, Content-Language: *, Content-Length: 924, Paypal-Debug-Id: 69d67798298b8, Vary: Authorization, Content-Type: application/json, Set-Cookie: X-PP-SILOVER=name%3DSANDBOX3.API.1%26silo_version%3D880%26app%3Dplatformapiserv%26TIME%3D3424719446; domain=.paypal.com; path=/; Secure; HttpOnly, Set-Cookie: X-PP-SILOVER=; Expires=Thu, 01 Jan 1970 00:00:01 GMT, Connection: close, , 
[05-10-2015 09:07:57] PayPal\Core\PayPalHttpConnection: DEBUG	: Response Data 	: {"id":"PAY-9HP90342K34683031KYJCDTA","create_time":"2015-10-05T07:07:56Z","update_time":"2015-10-05T07:07:56Z","state":"created","intent":"order","payer":{"payment_method":"paypal","payer_info":{"shipping_address":{}}},"transactions":[{"amount":{"total":"15.00","currency":"USD","details":{"subtotal":"15.00"}},"description":"Ask An Astrologer","invoice_number":"Order Number: 56121da508055","item_list":{"items":[{"name":"Detailed Explanation","sku":"56121da508055","price":"15.00","currency":"USD","quantity":"1"}]},"related_resources":[]}],"links":[{"href":"https://127.0.0.1/v1/payments/payment/PAY-9HP90342K34683031KYJCDTA","rel":"self","method":"GET"},{"href":"https://www.sandbox.paypal.com/cgi-bin/webscr?cmd=_express-checkout&token=EC-71B08830EG800102E","rel":"approval_url","method":"REDIRECT"},{"href":"https://127.0.0.1/v1/payments/payment/PAY-9HP90342K34683031KYJCDTA/execute","rel":"execute","method":"POST"}]}

================================================================================================================================

[05-10-2015 09:08:22] PayPal\Core\PayPalHttpConnection: INFO	: POST https://api.sandbox.paypal.com/v1/payments/payment
[05-10-2015 09:08:23] PayPal\Core\PayPalHttpConnection: INFO	: Invalid or no certificate authority found - Retrying using bundled CA certs file
[05-10-2015 09:08:27] PayPal\Core\PayPalHttpConnection: DEBUG	: Request Headers 	: POST /v1/payments/payment HTTP/1.1, Host: api.sandbox.paypal.com, Accept: */*, Content-Type: application/json, User-Agent: PayPalSDK/PayPal-PHP-SDK 1.5.0 (lang=PHP;v=5.6.8;bit=32;os=Linux_3.13.0-63-generic;machine=x86_64;openssl=1.0.1m;curl=7.30.0), Authorization: Bearer A015zIRXBE4VVdqcSwFaX-lyNVGF.0Y8Gbi1LzmoPCCuA4U, PayPal-Request-Id: 21307064336611144402890222572, Content-Length: 548, , 
[05-10-2015 09:08:27] PayPal\Core\PayPalHttpConnection: DEBUG	: Request Data		: {"intent":"order","payer":{"payment_method":"paypal","payer_info":{"first_name":"Rohan"}},"redirect_urls":{"return_url":"http://localhost/aisha/vendor/ExecutePayment.php?success=true","cancel_url":"http://localhost/aisha/vendor/ExecutePayment.php?success=false"},"transactions":[{"amount":{"currency":"USD","total":"15","details":{"fee":"15"}},"item_list":{"items":[{"name":"Detailed Explanation","currency":"USD","quantity":1,"sku":"56121da508055","price":"15"}]},"description":"Ask An Astrologer","invoice_number":"Order Number: 56121da508055"}]}
--------------------------------------------------------------------------------------------------------------------------------

[05-10-2015 09:08:27] PayPal\Core\PayPalHttpConnection: INFO	: Response Status 	: 201
[05-10-2015 09:08:27] PayPal\Core\PayPalHttpConnection: DEBUG	: Response Headers	: HTTP/1.1 201 Created, Date: Mon, 05 Oct 2015 07:08:26 GMT, Server: Apache, PROXY_SERVER_INFO: host=slcsbplatformapiserv3002.slc.paypal.com;threadId=143828, Paypal-Debug-Id: a351e0d97350b, CORRELATION-ID: a351e0d97350b, Content-Language: *, Content-Length: 924, Paypal-Debug-Id: a351e0d97350b, Vary: Authorization, Content-Type: application/json, Set-Cookie: X-PP-SILOVER=name%3DSANDBOX3.API.1%26silo_version%3D880%26app%3Dplatformapiserv%26TIME%3D3928035926; domain=.paypal.com; path=/; Secure; HttpOnly, Set-Cookie: X-PP-SILOVER=; Expires=Thu, 01 Jan 1970 00:00:01 GMT, Connection: close, , 
[05-10-2015 09:08:27] PayPal\Core\PayPalHttpConnection: DEBUG	: Response Data 	: {"id":"PAY-9LL99570G3235941RKYJCD2Q","create_time":"2015-10-05T07:08:26Z","update_time":"2015-10-05T07:08:26Z","state":"created","intent":"order","payer":{"payment_method":"paypal","payer_info":{"shipping_address":{}}},"transactions":[{"amount":{"total":"15.00","currency":"USD","details":{"subtotal":"15.00"}},"description":"Ask An Astrologer","invoice_number":"Order Number: 56121da508055","item_list":{"items":[{"name":"Detailed Explanation","sku":"56121da508055","price":"15.00","currency":"USD","quantity":"1"}]},"related_resources":[]}],"links":[{"href":"https://127.0.0.1/v1/payments/payment/PAY-9LL99570G3235941RKYJCD2Q","rel":"self","method":"GET"},{"href":"https://www.sandbox.paypal.com/cgi-bin/webscr?cmd=_express-checkout&token=EC-9B682574K3529352H","rel":"approval_url","method":"REDIRECT"},{"href":"https://127.0.0.1/v1/payments/payment/PAY-9LL99570G3235941RKYJCD2Q/execute","rel":"execute","method":"POST"}]}

================================================================================================================================

[05-10-2015 09:09:05] PayPal\Core\PayPalHttpConnection: INFO	: POST https://api.sandbox.paypal.com/v1/payments/payment
[05-10-2015 09:09:12] PayPal\Core\PayPalHttpConnection: INFO	: Invalid or no certificate authority found - Retrying using bundled CA certs file
[05-10-2015 09:09:14] PayPal\Core\PayPalHttpConnection: DEBUG	: Request Headers 	: POST /v1/payments/payment HTTP/1.1, Host: api.sandbox.paypal.com, Accept: */*, Content-Type: application/json, User-Agent: PayPalSDK/PayPal-PHP-SDK 1.5.0 (lang=PHP;v=5.6.8;bit=32;os=Linux_3.13.0-63-generic;machine=x86_64;openssl=1.0.1m;curl=7.30.0), Authorization: Bearer A015zIRXBE4VVdqcSwFaX-lyNVGF.0Y8Gbi1LzmoPCCuA4U, PayPal-Request-Id: 21307064336377144402894539597, Content-Length: 548, , 
[05-10-2015 09:09:14] PayPal\Core\PayPalHttpConnection: DEBUG	: Request Data		: {"intent":"order","payer":{"payment_method":"paypal","payer_info":{"first_name":"Rohan"}},"redirect_urls":{"return_url":"http://localhost/aisha/vendor/ExecutePayment.php?success=true","cancel_url":"http://localhost/aisha/vendor/ExecutePayment.php?success=false"},"transactions":[{"amount":{"currency":"USD","total":"15","details":{"fee":"15"}},"item_list":{"items":[{"name":"Detailed Explanation","currency":"USD","quantity":1,"sku":"56121da508055","price":"15"}]},"description":"Ask An Astrologer","invoice_number":"Order Number: 56121da508055"}]}
--------------------------------------------------------------------------------------------------------------------------------

[05-10-2015 09:09:14] PayPal\Core\PayPalHttpConnection: INFO	: Response Status 	: 201
[05-10-2015 09:09:14] PayPal\Core\PayPalHttpConnection: DEBUG	: Response Headers	: HTTP/1.1 201 Created, Date: Mon, 05 Oct 2015 07:09:13 GMT, Server: Apache, PROXY_SERVER_INFO: host=slcsbplatformapiserv3001.slc.paypal.com;threadId=245, Paypal-Debug-Id: 1ceffee3c6e8c, CORRELATION-ID: 1ceffee3c6e8c, Content-Language: *, Content-Length: 924, Paypal-Debug-Id: 1ceffee3c6e8c, Vary: Authorization, Content-Type: application/json, Set-Cookie: X-PP-SILOVER=name%3DSANDBOX3.API.1%26silo_version%3D880%26app%3Dplatformapiserv%26TIME%3D421663318; domain=.paypal.com; path=/; Secure; HttpOnly, Set-Cookie: X-PP-SILOVER=; Expires=Thu, 01 Jan 1970 00:00:01 GMT, Connection: close, , 
[05-10-2015 09:09:14] PayPal\Core\PayPalHttpConnection: DEBUG	: Response Data 	: {"id":"PAY-0U66789393872580XKYJCEGQ","create_time":"2015-10-05T07:09:14Z","update_time":"2015-10-05T07:09:14Z","state":"created","intent":"order","payer":{"payment_method":"paypal","payer_info":{"shipping_address":{}}},"transactions":[{"amount":{"total":"15.00","currency":"USD","details":{"subtotal":"15.00"}},"description":"Ask An Astrologer","invoice_number":"Order Number: 56121da508055","item_list":{"items":[{"name":"Detailed Explanation","sku":"56121da508055","price":"15.00","currency":"USD","quantity":"1"}]},"related_resources":[]}],"links":[{"href":"https://127.0.0.1/v1/payments/payment/PAY-0U66789393872580XKYJCEGQ","rel":"self","method":"GET"},{"href":"https://www.sandbox.paypal.com/cgi-bin/webscr?cmd=_express-checkout&token=EC-3CA34193XH423240N","rel":"approval_url","method":"REDIRECT"},{"href":"https://127.0.0.1/v1/payments/payment/PAY-0U66789393872580XKYJCEGQ/execute","rel":"execute","method":"POST"}]}

================================================================================================================================

[05-10-2015 09:09:21] PayPal\Core\PayPalHttpConnection: INFO	: POST https://api.sandbox.paypal.com/v1/payments/payment
[05-10-2015 09:09:22] PayPal\Core\PayPalHttpConnection: INFO	: Invalid or no certificate authority found - Retrying using bundled CA certs file
[05-10-2015 09:09:25] PayPal\Core\PayPalHttpConnection: DEBUG	: Request Headers 	: POST /v1/payments/payment HTTP/1.1, Host: api.sandbox.paypal.com, Accept: */*, Content-Type: application/json, User-Agent: PayPalSDK/PayPal-PHP-SDK 1.5.0 (lang=PHP;v=5.6.8;bit=32;os=Linux_3.13.0-63-generic;machine=x86_64;openssl=1.0.1m;curl=7.30.0), Authorization: Bearer A015zIRXBE4VVdqcSwFaX-lyNVGF.0Y8Gbi1LzmoPCCuA4U, PayPal-Request-Id: 21307064336381144402896162980, Content-Length: 548, , 
[05-10-2015 09:09:25] PayPal\Core\PayPalHttpConnection: DEBUG	: Request Data		: {"intent":"order","payer":{"payment_method":"paypal","payer_info":{"first_name":"Rohan"}},"redirect_urls":{"return_url":"http://localhost/aisha/vendor/ExecutePayment.php?success=true","cancel_url":"http://localhost/aisha/vendor/ExecutePayment.php?success=false"},"transactions":[{"amount":{"currency":"USD","total":"15","details":{"fee":"15"}},"item_list":{"items":[{"name":"Detailed Explanation","currency":"USD","quantity":1,"sku":"56121da508055","price":"15"}]},"description":"Ask An Astrologer","invoice_number":"Order Number: 56121da508055"}]}
--------------------------------------------------------------------------------------------------------------------------------

[05-10-2015 09:09:25] PayPal\Core\PayPalHttpConnection: INFO	: Response Status 	: 201
[05-10-2015 09:09:25] PayPal\Core\PayPalHttpConnection: DEBUG	: Response Headers	: HTTP/1.1 201 Created, Date: Mon, 05 Oct 2015 07:09:24 GMT, Server: Apache, PROXY_SERVER_INFO: host=slcsbplatformapiserv3002.slc.paypal.com;threadId=73846, Paypal-Debug-Id: 10ffbb8a3e3e7, CORRELATION-ID: 10ffbb8a3e3e7, Content-Language: *, Content-Length: 924, Paypal-Debug-Id: 10ffbb8a3e3e7, Vary: Authorization, Content-Type: application/json, Set-Cookie: X-PP-SILOVER=name%3DSANDBOX3.API.1%26silo_version%3D880%26app%3Dplatformapiserv%26TIME%3D606212694; domain=.paypal.com; path=/; Secure; HttpOnly, Set-Cookie: X-PP-SILOVER=; Expires=Thu, 01 Jan 1970 00:00:01 GMT, Connection: close, , 
[05-10-2015 09:09:25] PayPal\Core\PayPalHttpConnection: DEBUG	: Response Data 	: {"id":"PAY-9LE46432W7114423GKYJCEJA","create_time":"2015-10-05T07:09:24Z","update_time":"2015-10-05T07:09:24Z","state":"created","intent":"order","payer":{"payment_method":"paypal","payer_info":{"shipping_address":{}}},"transactions":[{"amount":{"total":"15.00","currency":"USD","details":{"subtotal":"15.00"}},"description":"Ask An Astrologer","invoice_number":"Order Number: 56121da508055","item_list":{"items":[{"name":"Detailed Explanation","sku":"56121da508055","price":"15.00","currency":"USD","quantity":"1"}]},"related_resources":[]}],"links":[{"href":"https://127.0.0.1/v1/payments/payment/PAY-9LE46432W7114423GKYJCEJA","rel":"self","method":"GET"},{"href":"https://www.sandbox.paypal.com/cgi-bin/webscr?cmd=_express-checkout&token=EC-79U213484R9728054","rel":"approval_url","method":"REDIRECT"},{"href":"https://127.0.0.1/v1/payments/payment/PAY-9LE46432W7114423GKYJCEJA/execute","rel":"execute","method":"POST"}]}

================================================================================================================================

[05-10-2015 09:09:32] PayPal\Core\PayPalHttpConnection: INFO	: POST https://api.sandbox.paypal.com/v1/payments/payment
[05-10-2015 09:09:33] PayPal\Core\PayPalHttpConnection: INFO	: Invalid or no certificate authority found - Retrying using bundled CA certs file
[05-10-2015 09:09:36] PayPal\Core\PayPalHttpConnection: DEBUG	: Request Headers 	: POST /v1/payments/payment HTTP/1.1, Host: api.sandbox.paypal.com, Accept: */*, Content-Type: application/json, User-Agent: PayPalSDK/PayPal-PHP-SDK 1.5.0 (lang=PHP;v=5.6.8;bit=32;os=Linux_3.13.0-63-generic;machine=x86_64;openssl=1.0.1m;curl=7.30.0), Authorization: Bearer A015zIRXBE4VVdqcSwFaX-lyNVGF.0Y8Gbi1LzmoPCCuA4U, PayPal-Request-Id: 21307064336622144402897212862, Content-Length: 548, , 
[05-10-2015 09:09:36] PayPal\Core\PayPalHttpConnection: DEBUG	: Request Data		: {"intent":"order","payer":{"payment_method":"paypal","payer_info":{"first_name":"Rohan"}},"redirect_urls":{"return_url":"http://localhost/aisha/vendor/ExecutePayment.php?success=true","cancel_url":"http://localhost/aisha/vendor/ExecutePayment.php?success=false"},"transactions":[{"amount":{"currency":"USD","total":"15","details":{"fee":"15"}},"item_list":{"items":[{"name":"Detailed Explanation","currency":"USD","quantity":1,"sku":"56121da508055","price":"15"}]},"description":"Ask An Astrologer","invoice_number":"Order Number: 56121da508055"}]}
--------------------------------------------------------------------------------------------------------------------------------

[05-10-2015 09:09:36] PayPal\Core\PayPalHttpConnection: INFO	: Response Status 	: 201
[05-10-2015 09:09:36] PayPal\Core\PayPalHttpConnection: DEBUG	: Response Headers	: HTTP/1.1 201 Created, Date: Mon, 05 Oct 2015 07:09:35 GMT, Server: Apache, PROXY_SERVER_INFO: host=slcsbplatformapiserv3002.slc.paypal.com;threadId=73877, Paypal-Debug-Id: 9b2aa958d6c7e, CORRELATION-ID: 9b2aa958d6c7e, Content-Language: *, Content-Length: 924, Paypal-Debug-Id: 9b2aa958d6c7e, Vary: Authorization, Content-Type: application/json, Set-Cookie: X-PP-SILOVER=name%3DSANDBOX3.API.1%26silo_version%3D880%26app%3Dplatformapiserv%26TIME%3D790762070; domain=.paypal.com; path=/; Secure; HttpOnly, Set-Cookie: X-PP-SILOVER=; Expires=Thu, 01 Jan 1970 00:00:01 GMT, Connection: close, , 
[05-10-2015 09:09:36] PayPal\Core\PayPalHttpConnection: DEBUG	: Response Data 	: {"id":"PAY-33K61000JG520770NKYJCEMA","create_time":"2015-10-05T07:09:36Z","update_time":"2015-10-05T07:09:36Z","state":"created","intent":"order","payer":{"payment_method":"paypal","payer_info":{"shipping_address":{}}},"transactions":[{"amount":{"total":"15.00","currency":"USD","details":{"subtotal":"15.00"}},"description":"Ask An Astrologer","invoice_number":"Order Number: 56121da508055","item_list":{"items":[{"name":"Detailed Explanation","sku":"56121da508055","price":"15.00","currency":"USD","quantity":"1"}]},"related_resources":[]}],"links":[{"href":"https://127.0.0.1/v1/payments/payment/PAY-33K61000JG520770NKYJCEMA","rel":"self","method":"GET"},{"href":"https://www.sandbox.paypal.com/cgi-bin/webscr?cmd=_express-checkout&token=EC-5PB22277TT6857012","rel":"approval_url","method":"REDIRECT"},{"href":"https://127.0.0.1/v1/payments/payment/PAY-33K61000JG520770NKYJCEMA/execute","rel":"execute","method":"POST"}]}

================================================================================================================================

[05-10-2015 09:10:18] PayPal\Core\PayPalHttpConnection: INFO	: POST https://api.sandbox.paypal.com/v1/payments/payment
[05-10-2015 09:10:19] PayPal\Core\PayPalHttpConnection: INFO	: Invalid or no certificate authority found - Retrying using bundled CA certs file
[05-10-2015 09:10:27] PayPal\Core\PayPalHttpConnection: DEBUG	: Request Headers 	: POST /v1/payments/payment HTTP/1.1, Host: api.sandbox.paypal.com, Accept: */*, Content-Type: application/json, User-Agent: PayPalSDK/PayPal-PHP-SDK 1.5.0 (lang=PHP;v=5.6.8;bit=32;os=Linux_3.13.0-63-generic;machine=x86_64;openssl=1.0.1m;curl=7.30.0), Authorization: Bearer A015zIRXBE4VVdqcSwFaX-lyNVGF.0Y8Gbi1LzmoPCCuA4U, PayPal-Request-Id: 21307064336621144402901816368, Content-Length: 548, , 
[05-10-2015 09:10:27] PayPal\Core\PayPalHttpConnection: DEBUG	: Request Data		: {"intent":"order","payer":{"payment_method":"paypal","payer_info":{"first_name":"Rohan"}},"redirect_urls":{"return_url":"http://localhost/aisha/vendor/ExecutePayment.php?success=true","cancel_url":"http://localhost/aisha/vendor/ExecutePayment.php?success=false"},"transactions":[{"amount":{"currency":"USD","total":"15","details":{"fee":"15"}},"item_list":{"items":[{"name":"Detailed Explanation","currency":"USD","quantity":1,"sku":"56121da508055","price":"15"}]},"description":"Ask An Astrologer","invoice_number":"Order Number: 56121da508055"}]}
--------------------------------------------------------------------------------------------------------------------------------

[05-10-2015 09:10:27] PayPal\Core\PayPalHttpConnection: INFO	: Response Status 	: 201
[05-10-2015 09:10:27] PayPal\Core\PayPalHttpConnection: DEBUG	: Response Headers	: HTTP/1.1 201 Created, Date: Mon, 05 Oct 2015 07:10:23 GMT, Server: Apache, PROXY_SERVER_INFO: host=slcsbplatformapiserv3001.slc.paypal.com;threadId=8144, Paypal-Debug-Id: 9f24224fd881a, CORRELATION-ID: 9f24224fd881a, Content-Language: *, Content-Length: 924, Paypal-Debug-Id: 9f24224fd881a, Vary: Authorization, Content-Type: application/json, Set-Cookie: X-PP-SILOVER=name%3DSANDBOX3.API.1%26silo_version%3D880%26app%3Dplatformapiserv%26TIME%3D1596068438; domain=.paypal.com; path=/; Secure; HttpOnly, Set-Cookie: X-PP-SILOVER=; Expires=Thu, 01 Jan 1970 00:00:01 GMT, Connection: close, , 
[05-10-2015 09:10:27] PayPal\Core\PayPalHttpConnection: DEBUG	: Response Data 	: {"id":"PAY-8JH87724M1281731CKYJCEYA","create_time":"2015-10-05T07:10:24Z","update_time":"2015-10-05T07:10:24Z","state":"created","intent":"order","payer":{"payment_method":"paypal","payer_info":{"shipping_address":{}}},"transactions":[{"amount":{"total":"15.00","currency":"USD","details":{"subtotal":"15.00"}},"description":"Ask An Astrologer","invoice_number":"Order Number: 56121da508055","item_list":{"items":[{"name":"Detailed Explanation","sku":"56121da508055","price":"15.00","currency":"USD","quantity":"1"}]},"related_resources":[]}],"links":[{"href":"https://127.0.0.1/v1/payments/payment/PAY-8JH87724M1281731CKYJCEYA","rel":"self","method":"GET"},{"href":"https://www.sandbox.paypal.com/cgi-bin/webscr?cmd=_express-checkout&token=EC-52024895U75882354","rel":"approval_url","method":"REDIRECT"},{"href":"https://127.0.0.1/v1/payments/payment/PAY-8JH87724M1281731CKYJCEYA/execute","rel":"execute","method":"POST"}]}

================================================================================================================================

[05-10-2015 09:11:07] PayPal\Core\PayPalHttpConnection: INFO	: POST https://api.sandbox.paypal.com/v1/payments/payment
[05-10-2015 09:11:08] PayPal\Core\PayPalHttpConnection: INFO	: Invalid or no certificate authority found - Retrying using bundled CA certs file
[05-10-2015 09:11:12] PayPal\Core\PayPalHttpConnection: DEBUG	: Request Headers 	: POST /v1/payments/payment HTTP/1.1, Host: api.sandbox.paypal.com, Accept: */*, Content-Type: application/json, User-Agent: PayPalSDK/PayPal-PHP-SDK 1.5.0 (lang=PHP;v=5.6.8;bit=32;os=Linux_3.13.0-63-generic;machine=x86_64;openssl=1.0.1m;curl=7.30.0), Authorization: Bearer A015zIRXBE4VVdqcSwFaX-lyNVGF.0Y8Gbi1LzmoPCCuA4U, PayPal-Request-Id: 2130706433662314440290676152, Content-Length: 548, , 
[05-10-2015 09:11:12] PayPal\Core\PayPalHttpConnection: DEBUG	: Request Data		: {"intent":"order","payer":{"payment_method":"paypal","payer_info":{"first_name":"Rohan"}},"redirect_urls":{"return_url":"http://localhost/aisha/vendor/ExecutePayment.php?success=true","cancel_url":"http://localhost/aisha/vendor/ExecutePayment.php?success=false"},"transactions":[{"amount":{"currency":"USD","total":"15","details":{"fee":"15"}},"item_list":{"items":[{"name":"Detailed Explanation","currency":"USD","quantity":1,"sku":"56121da508055","price":"15"}]},"description":"Ask An Astrologer","invoice_number":"Order Number: 56121da508055"}]}
--------------------------------------------------------------------------------------------------------------------------------

[05-10-2015 09:11:12] PayPal\Core\PayPalHttpConnection: INFO	: Response Status 	: 201
[05-10-2015 09:11:12] PayPal\Core\PayPalHttpConnection: DEBUG	: Response Headers	: HTTP/1.1 201 Created, Date: Mon, 05 Oct 2015 07:11:11 GMT, Server: Apache, PROXY_SERVER_INFO: host=slcsbplatformapiserv3002.slc.paypal.com;threadId=71855, Paypal-Debug-Id: 94866bcf82014, CORRELATION-ID: 94866bcf82014, Content-Language: *, Content-Length: 924, Paypal-Debug-Id: 94866bcf82014, Vary: Authorization, Content-Type: application/json, Set-Cookie: X-PP-SILOVER=name%3DSANDBOX3.API.1%26silo_version%3D880%26app%3Dplatformapiserv%26TIME%3D2401374806; domain=.paypal.com; path=/; Secure; HttpOnly, Set-Cookie: X-PP-SILOVER=; Expires=Thu, 01 Jan 1970 00:00:01 GMT, Connection: close, , 
[05-10-2015 09:11:12] PayPal\Core\PayPalHttpConnection: DEBUG	: Response Data 	: {"id":"PAY-4YR316635B128164TKYJCFDY","create_time":"2015-10-05T07:11:11Z","update_time":"2015-10-05T07:11:11Z","state":"created","intent":"order","payer":{"payment_method":"paypal","payer_info":{"shipping_address":{}}},"transactions":[{"amount":{"total":"15.00","currency":"USD","details":{"subtotal":"15.00"}},"description":"Ask An Astrologer","invoice_number":"Order Number: 56121da508055","item_list":{"items":[{"name":"Detailed Explanation","sku":"56121da508055","price":"15.00","currency":"USD","quantity":"1"}]},"related_resources":[]}],"links":[{"href":"https://127.0.0.1/v1/payments/payment/PAY-4YR316635B128164TKYJCFDY","rel":"self","method":"GET"},{"href":"https://www.sandbox.paypal.com/cgi-bin/webscr?cmd=_express-checkout&token=EC-8TY24047LN301580K","rel":"approval_url","method":"REDIRECT"},{"href":"https://127.0.0.1/v1/payments/payment/PAY-4YR316635B128164TKYJCFDY/execute","rel":"execute","method":"POST"}]}

================================================================================================================================

[05-10-2015 09:11:17] PayPal\Core\PayPalHttpConnection: INFO	: POST https://api.sandbox.paypal.com/v1/payments/payment
[05-10-2015 09:11:18] PayPal\Core\PayPalHttpConnection: INFO	: Invalid or no certificate authority found - Retrying using bundled CA certs file
[05-10-2015 09:11:21] PayPal\Core\PayPalHttpConnection: DEBUG	: Request Headers 	: POST /v1/payments/payment HTTP/1.1, Host: api.sandbox.paypal.com, Accept: */*, Content-Type: application/json, User-Agent: PayPalSDK/PayPal-PHP-SDK 1.5.0 (lang=PHP;v=5.6.8;bit=32;os=Linux_3.13.0-63-generic;machine=x86_64;openssl=1.0.1m;curl=7.30.0), Authorization: Bearer A015zIRXBE4VVdqcSwFaX-lyNVGF.0Y8Gbi1LzmoPCCuA4U, PayPal-Request-Id: 21307064336623144402907714116, Content-Length: 548, , 
[05-10-2015 09:11:21] PayPal\Core\PayPalHttpConnection: DEBUG	: Request Data		: {"intent":"order","payer":{"payment_method":"paypal","payer_info":{"first_name":"Rohan"}},"redirect_urls":{"return_url":"http://localhost/aisha/vendor/ExecutePayment.php?success=true","cancel_url":"http://localhost/aisha/vendor/ExecutePayment.php?success=false"},"transactions":[{"amount":{"currency":"USD","total":"15","details":{"fee":"15"}},"item_list":{"items":[{"name":"Detailed Explanation","currency":"USD","quantity":1,"sku":"56121da508055","price":"15"}]},"description":"Ask An Astrologer","invoice_number":"Order Number: 56121da508055"}]}
--------------------------------------------------------------------------------------------------------------------------------

[05-10-2015 09:11:21] PayPal\Core\PayPalHttpConnection: INFO	: Response Status 	: 201
[05-10-2015 09:11:21] PayPal\Core\PayPalHttpConnection: DEBUG	: Response Headers	: HTTP/1.1 201 Created, Date: Mon, 05 Oct 2015 07:11:20 GMT, Server: Apache, PROXY_SERVER_INFO: host=slcsbplatformapiserv3001.slc.paypal.com;threadId=312, Paypal-Debug-Id: 51546c73486a8, CORRELATION-ID: 51546c73486a8, Content-Language: *, Content-Length: 924, Paypal-Debug-Id: 51546c73486a8, Vary: Authorization, Content-Type: application/json, Set-Cookie: X-PP-SILOVER=name%3DSANDBOX3.API.1%26silo_version%3D880%26app%3Dplatformapiserv%26TIME%3D2552369750; domain=.paypal.com; path=/; Secure; HttpOnly, Set-Cookie: X-PP-SILOVER=; Expires=Thu, 01 Jan 1970 00:00:01 GMT, Connection: close, , 
[05-10-2015 09:11:21] PayPal\Core\PayPalHttpConnection: DEBUG	: Response Data 	: {"id":"PAY-33A56238XE707671BKYJCFGA","create_time":"2015-10-05T07:11:20Z","update_time":"2015-10-05T07:11:20Z","state":"created","intent":"order","payer":{"payment_method":"paypal","payer_info":{"shipping_address":{}}},"transactions":[{"amount":{"total":"15.00","currency":"USD","details":{"subtotal":"15.00"}},"description":"Ask An Astrologer","invoice_number":"Order Number: 56121da508055","item_list":{"items":[{"name":"Detailed Explanation","sku":"56121da508055","price":"15.00","currency":"USD","quantity":"1"}]},"related_resources":[]}],"links":[{"href":"https://127.0.0.1/v1/payments/payment/PAY-33A56238XE707671BKYJCFGA","rel":"self","method":"GET"},{"href":"https://www.sandbox.paypal.com/cgi-bin/webscr?cmd=_express-checkout&token=EC-47T27693PK590170E","rel":"approval_url","method":"REDIRECT"},{"href":"https://127.0.0.1/v1/payments/payment/PAY-33A56238XE707671BKYJCFGA/execute","rel":"execute","method":"POST"}]}

================================================================================================================================

